<?xml version="1.0" encoding="UTF-8"?>
<!-- Generated by org.testng.reporters.JUnitReportReporter -->
<testsuite skipped="0" hostname="NOYEL-PC" name="runner.CucumberTestRunner" tests="3" failures="0" timestamp="2023-06-17T15:10:03 IST" time="104.290" errors="0">
  <testcase name="runScenario" time="37.529" classname="runner.CucumberTestRunner"/>
  <testcase name="runScenario" time="17.422" classname="runner.CucumberTestRunner"/>
  <testcase name="runScenario" time="49.339" classname="runner.CucumberTestRunner"/>
</testsuite> <!-- runner.CucumberTestRunner -->
